<?xml version="1.0" encoding="UTF-8"?>
<!-- Generated by org.testng.reporters.JUnitXMLReporter -->
<testsuite ignored="0" hostname="LPF1L0CNL" failures="0" tests="4" name="Default test" time="2.676" errors="0" timestamp="2022-04-15T17:54:21 IST">
  <testcase classname="UsingDataProvider" name="DeleteBook" time="1.639"/>
  <testcase classname="UsingDataProvider" name="DeleteBook" time="0.151"/>
  <testcase classname="UsingDataProvider" name="addBook" time="0.627"/>
  <testcase classname="UsingDataProvider" name="addBook" time="0.21"/>
</testsuite> <!-- Default test -->
