<?xml version="1.0" encoding="UTF-8"?>
<testng-results ignored="0" total="4" passed="4" failed="0" skipped="0">
  <reporter-output>
  </reporter-output>
  <suite started-at="2022-04-15T17:54:18 IST" name="Default suite" finished-at="2022-04-15T17:54:21 IST" duration-ms="2676">
    <groups>
    </groups>
    <test started-at="2022-04-15T17:54:18 IST" name="Default test" finished-at="2022-04-15T17:54:21 IST" duration-ms="2676">
      <class name="UsingDataProvider">
        <test-method signature="DeleteBook(java.lang.String,java.lang.String)[pri:0, instance:UsingDataProvider@3514a4c0]" started-at="2022-04-15T17:54:18 IST" name="DeleteBook" data-provider="listdata" finished-at="2022-04-15T17:54:20 IST" duration-ms="1639" status="PASS">
          <params>
            <param index="0">
              <value>
                <![CDATA[wmlkgw]]>
              </value>
            </param>
            <param index="1">
              <value>
                <![CDATA[12]]>
              </value>
            </param>
          </params>
          <reporter-output>
          </reporter-output>
        </test-method> <!-- DeleteBook -->
        <test-method signature="DeleteBook(java.lang.String,java.lang.String)[pri:0, instance:UsingDataProvider@3514a4c0]" started-at="2022-04-15T17:54:20 IST" name="DeleteBook" data-provider="listdata" finished-at="2022-04-15T17:54:20 IST" duration-ms="151" status="PASS">
          <params>
            <param index="0">
              <value>
                <![CDATA[ojlvbw]]>
              </value>
            </param>
            <param index="1">
              <value>
                <![CDATA[13]]>
              </value>
            </param>
          </params>
          <reporter-output>
          </reporter-output>
        </test-method> <!-- DeleteBook -->
        <test-method signature="addBook(java.lang.String,java.lang.String)[pri:0, instance:UsingDataProvider@3514a4c0]" started-at="2022-04-15T17:54:20 IST" name="addBook" data-provider="listdata" finished-at="2022-04-15T17:54:21 IST" duration-ms="627" status="PASS">
          <params>
            <param index="0">
              <value>
                <![CDATA[wmlkgw]]>
              </value>
            </param>
            <param index="1">
              <value>
                <![CDATA[12]]>
              </value>
            </param>
          </params>
          <reporter-output>
          </reporter-output>
        </test-method> <!-- addBook -->
        <test-method signature="addBook(java.lang.String,java.lang.String)[pri:0, instance:UsingDataProvider@3514a4c0]" started-at="2022-04-15T17:54:21 IST" name="addBook" data-provider="listdata" finished-at="2022-04-15T17:54:21 IST" duration-ms="210" status="PASS">
          <params>
            <param index="0">
              <value>
                <![CDATA[ojlvbw]]>
              </value>
            </param>
            <param index="1">
              <value>
                <![CDATA[13]]>
              </value>
            </param>
          </params>
          <reporter-output>
          </reporter-output>
        </test-method> <!-- addBook -->
      </class> <!-- UsingDataProvider -->
    </test> <!-- Default test -->
  </suite> <!-- Default suite -->
</testng-results>
